2022-05-09 12:45:26,680: INFO: [inception.py:177]: Inception3: All params loaded
2022-05-09 12:45:26,751: INFO: [wsdan.py:97]: WSDAN: using inception_mixed_6e as feature extractor, num_classes: 200, num_attentions: 32
2022-05-09 12:45:28,614: INFO: [train.py:93]: Network weights save to ../Furniture-Models/cabinet/ckpt/
2022-05-09 12:45:28,655: INFO: [train.py:126]: Start training: Total epochs: 10, Batch size: 10, Training size: 235, Validation size: 29
2022-05-09 12:45:28,655: INFO: [train.py:128]: 
2022-05-09 12:45:28,655: INFO: [train.py:136]: Epoch 001, Learning Rate 0.001
2022-05-09 12:45:35,055: INFO: [train.py:247]: Train: Loss 2.8360, Raw Acc (43.40, 94.89), Crop Acc (41.28, 94.89), Drop Acc (37.02, 94.89), Time 6.40
2022-05-09 12:45:35,751: INFO: [train.py:302]: Valid: Val Loss 1.2385, Val Acc (65.52, 100.00), Time 0.69
2022-05-09 12:45:35,751: INFO: [train.py:303]: 
2022-05-09 12:45:35,900: INFO: [train.py:136]: Epoch 002, Learning Rate 0.001
2022-05-09 12:45:41,141: INFO: [train.py:247]: Train: Loss 1.9591, Raw Acc (75.74, 100.00), Crop Acc (69.36, 100.00), Drop Acc (63.83, 100.00), Time 5.24
2022-05-09 12:45:41,603: INFO: [train.py:302]: Valid: Val Loss 0.7579, Val Acc (82.76, 100.00), Time 0.46
2022-05-09 12:45:41,603: INFO: [train.py:303]: 
2022-05-09 12:45:41,753: INFO: [train.py:136]: Epoch 003, Learning Rate 0.0009
2022-05-09 12:45:46,943: INFO: [train.py:247]: Train: Loss 1.2896, Raw Acc (90.21, 100.00), Crop Acc (78.72, 100.00), Drop Acc (82.13, 100.00), Time 5.19
2022-05-09 12:45:47,416: INFO: [train.py:302]: Valid: Val Loss 0.1328, Val Acc (89.66, 100.00), Time 0.47
2022-05-09 12:45:47,416: INFO: [train.py:303]: 
2022-05-09 12:45:47,563: INFO: [train.py:136]: Epoch 004, Learning Rate 0.0009
2022-05-09 12:45:52,739: INFO: [train.py:247]: Train: Loss 1.1361, Raw Acc (89.79, 100.00), Crop Acc (82.55, 100.00), Drop Acc (79.15, 100.00), Time 5.18
2022-05-09 12:45:53,206: INFO: [train.py:302]: Valid: Val Loss 0.2499, Val Acc (96.55, 100.00), Time 0.47
2022-05-09 12:45:53,207: INFO: [train.py:303]: 
2022-05-09 12:45:53,338: INFO: [train.py:136]: Epoch 005, Learning Rate 0.00081
2022-05-09 12:45:58,511: INFO: [train.py:247]: Train: Loss 1.0818, Raw Acc (94.04, 100.00), Crop Acc (86.81, 100.00), Drop Acc (85.11, 100.00), Time 5.17
2022-05-09 12:45:58,973: INFO: [train.py:302]: Valid: Val Loss 0.8564, Val Acc (89.66, 100.00), Time 0.46
2022-05-09 12:45:58,973: INFO: [train.py:303]: 
2022-05-09 12:45:58,973: INFO: [train.py:136]: Epoch 006, Learning Rate 0.00081
2022-05-09 12:46:04,138: INFO: [train.py:247]: Train: Loss 1.1150, Raw Acc (93.62, 100.00), Crop Acc (84.68, 100.00), Drop Acc (85.11, 100.00), Time 5.16
2022-05-09 12:46:04,600: INFO: [train.py:302]: Valid: Val Loss 0.0196, Val Acc (100.00, 100.00), Time 0.46
2022-05-09 12:46:04,601: INFO: [train.py:303]: 
2022-05-09 12:46:04,748: INFO: [train.py:136]: Epoch 007, Learning Rate 0.000729
2022-05-09 12:46:09,932: INFO: [train.py:247]: Train: Loss 0.7668, Raw Acc (98.30, 100.00), Crop Acc (91.49, 100.00), Drop Acc (91.49, 100.00), Time 5.18
2022-05-09 12:46:10,403: INFO: [train.py:302]: Valid: Val Loss 0.0032, Val Acc (100.00, 100.00), Time 0.47
2022-05-09 12:46:10,404: INFO: [train.py:303]: 
2022-05-09 12:46:10,404: INFO: [train.py:136]: Epoch 008, Learning Rate 0.000729
2022-05-09 12:46:15,582: INFO: [train.py:247]: Train: Loss 0.6716, Raw Acc (98.72, 100.00), Crop Acc (90.64, 100.00), Drop Acc (91.91, 100.00), Time 5.18
2022-05-09 12:46:16,051: INFO: [train.py:302]: Valid: Val Loss 0.0004, Val Acc (100.00, 100.00), Time 0.47
2022-05-09 12:46:16,051: INFO: [train.py:303]: 
2022-05-09 12:46:16,052: INFO: [train.py:136]: Epoch 009, Learning Rate 0.0006561
2022-05-09 12:46:21,219: INFO: [train.py:247]: Train: Loss 1.1809, Raw Acc (92.34, 100.00), Crop Acc (80.85, 100.00), Drop Acc (84.26, 100.00), Time 5.17
2022-05-09 12:46:21,686: INFO: [train.py:302]: Valid: Val Loss 0.0576, Val Acc (96.55, 100.00), Time 0.47
2022-05-09 12:46:21,687: INFO: [train.py:303]: 
2022-05-09 12:46:21,687: INFO: [train.py:136]: Epoch 010, Learning Rate 0.0006561
2022-05-09 12:46:26,867: INFO: [train.py:247]: Train: Loss 0.9580, Raw Acc (96.60, 100.00), Crop Acc (87.23, 100.00), Drop Acc (89.36, 100.00), Time 5.18
2022-05-09 12:46:27,336: INFO: [train.py:302]: Valid: Val Loss 0.0003, Val Acc (100.00, 100.00), Time 0.47
2022-05-09 12:46:27,336: INFO: [train.py:303]: 
