2022-05-08 00:46:53,211: INFO: [inception.py:177]: Inception3: All params loaded
2022-05-08 00:46:53,292: INFO: [wsdan.py:97]: WSDAN: using inception_mixed_6e as feature extractor, num_classes: 200, num_attentions: 32
2022-05-08 00:46:55,351: INFO: [train.py:93]: Network weights save to ../Furniture-Models/bin/ckpt/
2022-05-08 00:46:55,396: INFO: [train.py:126]: Start training: Total epochs: 12, Batch size: 10, Training size: 968, Validation size: 111
2022-05-08 00:46:55,396: INFO: [train.py:128]: 
2022-05-08 00:46:55,396: INFO: [train.py:136]: Epoch 001, Learning Rate 0.001
2022-05-08 00:47:16,946: INFO: [train.py:247]: Train: Loss 4.2794, Raw Acc (54.34, 87.60), Crop Acc (48.76, 85.54), Drop Acc (47.93, 85.23), Time 21.55
2022-05-08 00:47:18,548: INFO: [train.py:302]: Valid: Val Loss 0.7691, Val Acc (77.48, 98.20), Time 1.60
2022-05-08 00:47:18,548: INFO: [train.py:303]: 
2022-05-08 00:47:18,724: INFO: [train.py:136]: Epoch 002, Learning Rate 0.001
2022-05-08 00:47:39,080: INFO: [train.py:247]: Train: Loss 1.8887, Raw Acc (82.02, 97.93), Crop Acc (73.76, 95.45), Drop Acc (72.31, 96.80), Time 20.36
2022-05-08 00:47:40,221: INFO: [train.py:302]: Valid: Val Loss 0.6802, Val Acc (81.98, 99.10), Time 1.14
2022-05-08 00:47:40,222: INFO: [train.py:303]: 
2022-05-08 00:47:40,395: INFO: [train.py:136]: Epoch 003, Learning Rate 0.0009
2022-05-08 00:48:00,740: INFO: [train.py:247]: Train: Loss 1.3889, Raw Acc (89.98, 99.79), Crop Acc (79.65, 98.04), Drop Acc (79.55, 98.86), Time 20.34
2022-05-08 00:48:01,896: INFO: [train.py:302]: Valid: Val Loss 0.3384, Val Acc (92.79, 98.20), Time 1.15
2022-05-08 00:48:01,896: INFO: [train.py:303]: 
2022-05-08 00:48:02,072: INFO: [train.py:136]: Epoch 004, Learning Rate 0.0009
2022-05-08 00:48:22,391: INFO: [train.py:247]: Train: Loss 1.1215, Raw Acc (91.84, 99.90), Crop Acc (82.95, 98.66), Drop Acc (83.57, 98.76), Time 20.32
2022-05-08 00:48:23,515: INFO: [train.py:302]: Valid: Val Loss 0.3522, Val Acc (92.79, 100.00), Time 1.12
2022-05-08 00:48:23,515: INFO: [train.py:303]: 
2022-05-08 00:48:23,516: INFO: [train.py:136]: Epoch 005, Learning Rate 0.00081
2022-05-08 00:48:43,826: INFO: [train.py:247]: Train: Loss 1.3074, Raw Acc (91.01, 99.79), Crop Acc (82.95, 98.66), Drop Acc (82.75, 98.24), Time 20.31
2022-05-08 00:48:44,969: INFO: [train.py:302]: Valid: Val Loss 0.2334, Val Acc (93.69, 100.00), Time 1.14
2022-05-08 00:48:44,970: INFO: [train.py:303]: 
2022-05-08 00:48:45,143: INFO: [train.py:136]: Epoch 006, Learning Rate 0.00081
2022-05-08 00:49:05,477: INFO: [train.py:247]: Train: Loss 1.4372, Raw Acc (92.67, 99.69), Crop Acc (80.89, 98.66), Drop Acc (85.02, 99.28), Time 20.33
2022-05-08 00:49:06,602: INFO: [train.py:302]: Valid: Val Loss 0.2472, Val Acc (94.59, 99.10), Time 1.12
2022-05-08 00:49:06,602: INFO: [train.py:303]: 
2022-05-08 00:49:06,743: INFO: [train.py:136]: Epoch 007, Learning Rate 0.000729
2022-05-08 00:49:27,061: INFO: [train.py:247]: Train: Loss 1.0204, Raw Acc (95.45, 99.90), Crop Acc (88.33, 99.07), Drop Acc (87.50, 99.79), Time 20.32
2022-05-08 00:49:28,188: INFO: [train.py:302]: Valid: Val Loss 0.2947, Val Acc (92.79, 100.00), Time 1.12
2022-05-08 00:49:28,188: INFO: [train.py:303]: 
2022-05-08 00:49:28,188: INFO: [train.py:136]: Epoch 008, Learning Rate 0.000729
2022-05-08 00:49:48,506: INFO: [train.py:247]: Train: Loss 0.7924, Raw Acc (97.11, 100.00), Crop Acc (89.88, 99.59), Drop Acc (91.32, 99.79), Time 20.32
2022-05-08 00:49:49,652: INFO: [train.py:302]: Valid: Val Loss 0.0369, Val Acc (97.30, 100.00), Time 1.14
2022-05-08 00:49:49,652: INFO: [train.py:303]: 
2022-05-08 00:49:49,825: INFO: [train.py:136]: Epoch 009, Learning Rate 0.0006561
2022-05-08 00:50:10,148: INFO: [train.py:247]: Train: Loss 0.6573, Raw Acc (98.66, 100.00), Crop Acc (92.15, 99.79), Drop Acc (93.18, 99.90), Time 20.32
2022-05-08 00:50:11,286: INFO: [train.py:302]: Valid: Val Loss 0.0054, Val Acc (100.00, 100.00), Time 1.14
2022-05-08 00:50:11,286: INFO: [train.py:303]: 
2022-05-08 00:50:11,461: INFO: [train.py:136]: Epoch 010, Learning Rate 0.0006561
2022-05-08 00:50:31,780: INFO: [train.py:247]: Train: Loss 0.5854, Raw Acc (99.38, 100.00), Crop Acc (94.32, 99.48), Drop Acc (94.73, 99.48), Time 20.32
2022-05-08 00:50:32,907: INFO: [train.py:302]: Valid: Val Loss 0.0538, Val Acc (97.30, 100.00), Time 1.12
2022-05-08 00:50:32,907: INFO: [train.py:303]: 
2022-05-08 00:50:32,907: INFO: [train.py:136]: Epoch 011, Learning Rate 0.00059049
2022-05-08 00:50:53,295: INFO: [train.py:247]: Train: Loss 0.5339, Raw Acc (99.59, 100.00), Crop Acc (94.73, 99.38), Drop Acc (95.14, 99.79), Time 20.39
2022-05-08 00:50:54,418: INFO: [train.py:302]: Valid: Val Loss 0.0341, Val Acc (99.10, 100.00), Time 1.12
2022-05-08 00:50:54,418: INFO: [train.py:303]: 
2022-05-08 00:50:54,419: INFO: [train.py:136]: Epoch 012, Learning Rate 0.00059049
2022-05-08 00:51:14,755: INFO: [train.py:247]: Train: Loss 0.4918, Raw Acc (98.97, 100.00), Crop Acc (95.66, 99.79), Drop Acc (95.76, 100.00), Time 20.34
2022-05-08 00:51:15,954: INFO: [train.py:302]: Valid: Val Loss 0.0420, Val Acc (98.20, 100.00), Time 1.20
2022-05-08 00:51:15,955: INFO: [train.py:303]: 
