2022-05-08 22:03:26,141: INFO: [inception.py:177]: Inception3: All params loaded
2022-05-08 22:03:26,211: INFO: [wsdan.py:97]: WSDAN: using inception_mixed_6e as feature extractor, num_classes: 200, num_attentions: 32
2022-05-08 22:03:29,024: INFO: [train.py:93]: Network weights save to ../Furniture-Models/chair/ckpt/
2022-05-08 22:03:29,065: INFO: [train.py:126]: Start training: Total epochs: 15, Batch size: 10, Training size: 2088, Validation size: 237
2022-05-08 22:03:29,065: INFO: [train.py:128]: 
2022-05-08 22:03:29,066: INFO: [train.py:136]: Epoch 001, Learning Rate 0.001
2022-05-08 22:04:13,764: INFO: [train.py:247]: Train: Loss 3.3491, Raw Acc (53.50, 86.73), Crop Acc (47.70, 84.29), Drop Acc (43.68, 82.85), Time 44.69
2022-05-08 22:04:16,057: INFO: [train.py:302]: Valid: Val Loss 1.0689, Val Acc (75.95, 99.16), Time 2.29
2022-05-08 22:04:16,057: INFO: [train.py:303]: 
2022-05-08 22:04:16,227: INFO: [train.py:136]: Epoch 002, Learning Rate 0.001
2022-05-08 22:04:59,477: INFO: [train.py:247]: Train: Loss 2.1591, Raw Acc (78.78, 97.84), Crop Acc (69.06, 94.64), Drop Acc (66.24, 93.97), Time 43.25
2022-05-08 22:05:01,270: INFO: [train.py:302]: Valid: Val Loss 0.2810, Val Acc (91.56, 99.58), Time 1.79
2022-05-08 22:05:01,270: INFO: [train.py:303]: 
2022-05-08 22:05:01,436: INFO: [train.py:136]: Epoch 003, Learning Rate 0.0009
2022-05-08 22:05:44,680: INFO: [train.py:247]: Train: Loss 1.2009, Raw Acc (90.85, 99.28), Crop Acc (81.32, 97.56), Drop Acc (80.27, 97.94), Time 43.24
2022-05-08 22:05:46,430: INFO: [train.py:302]: Valid: Val Loss 0.4363, Val Acc (90.30, 97.89), Time 1.75
2022-05-08 22:05:46,431: INFO: [train.py:303]: 
2022-05-08 22:05:46,431: INFO: [train.py:136]: Epoch 004, Learning Rate 0.0009
2022-05-08 22:06:29,688: INFO: [train.py:247]: Train: Loss 1.0271, Raw Acc (94.20, 99.62), Crop Acc (86.54, 97.65), Drop Acc (84.48, 98.47), Time 43.26
2022-05-08 22:06:31,450: INFO: [train.py:302]: Valid: Val Loss 0.2375, Val Acc (94.51, 100.00), Time 1.76
2022-05-08 22:06:31,450: INFO: [train.py:303]: 
2022-05-08 22:06:31,597: INFO: [train.py:136]: Epoch 005, Learning Rate 0.00081
2022-05-08 22:07:14,858: INFO: [train.py:247]: Train: Loss 0.8323, Raw Acc (96.07, 99.90), Crop Acc (88.98, 98.56), Drop Acc (86.54, 99.19), Time 43.26
2022-05-08 22:07:16,633: INFO: [train.py:302]: Valid: Val Loss 0.2078, Val Acc (95.36, 99.58), Time 1.77
2022-05-08 22:07:16,633: INFO: [train.py:303]: 
2022-05-08 22:07:16,773: INFO: [train.py:136]: Epoch 006, Learning Rate 0.00081
2022-05-08 22:08:00,074: INFO: [train.py:247]: Train: Loss 0.7867, Raw Acc (96.36, 99.95), Crop Acc (90.80, 98.75), Drop Acc (86.97, 99.38), Time 43.30
2022-05-08 22:08:01,875: INFO: [train.py:302]: Valid: Val Loss 0.1652, Val Acc (95.78, 100.00), Time 1.80
2022-05-08 22:08:01,875: INFO: [train.py:303]: 
2022-05-08 22:08:02,032: INFO: [train.py:136]: Epoch 007, Learning Rate 0.000729
2022-05-08 22:08:45,275: INFO: [train.py:247]: Train: Loss 0.6361, Raw Acc (98.13, 100.00), Crop Acc (92.86, 99.38), Drop Acc (91.19, 99.47), Time 43.24
2022-05-08 22:08:47,071: INFO: [train.py:302]: Valid: Val Loss 0.1616, Val Acc (96.62, 99.16), Time 1.79
2022-05-08 22:08:47,071: INFO: [train.py:303]: 
2022-05-08 22:08:47,228: INFO: [train.py:136]: Epoch 008, Learning Rate 0.000729
2022-05-08 22:09:30,502: INFO: [train.py:247]: Train: Loss 0.6071, Raw Acc (98.23, 99.90), Crop Acc (93.97, 98.95), Drop Acc (90.66, 99.23), Time 43.27
2022-05-08 22:09:32,286: INFO: [train.py:302]: Valid: Val Loss 0.1057, Val Acc (96.20, 100.00), Time 1.78
2022-05-08 22:09:32,286: INFO: [train.py:303]: 
2022-05-08 22:09:32,287: INFO: [train.py:136]: Epoch 009, Learning Rate 0.0006561
2022-05-08 22:10:15,541: INFO: [train.py:247]: Train: Loss 0.4963, Raw Acc (99.43, 100.00), Crop Acc (96.65, 99.38), Drop Acc (91.86, 99.62), Time 43.25
2022-05-08 22:10:17,355: INFO: [train.py:302]: Valid: Val Loss 0.0818, Val Acc (97.89, 100.00), Time 1.81
2022-05-08 22:10:17,355: INFO: [train.py:303]: 
2022-05-08 22:10:17,523: INFO: [train.py:136]: Epoch 010, Learning Rate 0.0006561
2022-05-08 22:11:00,811: INFO: [train.py:247]: Train: Loss 0.4628, Raw Acc (99.19, 100.00), Crop Acc (96.55, 99.71), Drop Acc (92.39, 99.62), Time 43.29
2022-05-08 22:11:02,590: INFO: [train.py:302]: Valid: Val Loss 0.1126, Val Acc (97.47, 99.58), Time 1.78
2022-05-08 22:11:02,590: INFO: [train.py:303]: 
2022-05-08 22:11:02,590: INFO: [train.py:136]: Epoch 011, Learning Rate 0.00059049
2022-05-08 22:11:45,874: INFO: [train.py:247]: Train: Loss 0.4468, Raw Acc (99.23, 100.00), Crop Acc (97.03, 99.66), Drop Acc (91.86, 99.38), Time 43.28
2022-05-08 22:11:47,677: INFO: [train.py:302]: Valid: Val Loss 0.0974, Val Acc (97.05, 100.00), Time 1.80
2022-05-08 22:11:47,677: INFO: [train.py:303]: 
2022-05-08 22:11:47,677: INFO: [train.py:136]: Epoch 012, Learning Rate 0.00059049
2022-05-08 22:12:31,016: INFO: [train.py:247]: Train: Loss 0.4325, Raw Acc (98.99, 100.00), Crop Acc (97.13, 99.95), Drop Acc (92.05, 99.43), Time 43.34
2022-05-08 22:12:32,868: INFO: [train.py:302]: Valid: Val Loss 0.0974, Val Acc (97.47, 100.00), Time 1.85
2022-05-08 22:12:32,868: INFO: [train.py:303]: 
2022-05-08 22:12:32,869: INFO: [train.py:136]: Epoch 013, Learning Rate 0.000531441
2022-05-08 22:13:16,103: INFO: [train.py:247]: Train: Loss 0.3764, Raw Acc (99.66, 100.00), Crop Acc (98.56, 99.90), Drop Acc (92.72, 99.62), Time 43.23
2022-05-08 22:13:17,904: INFO: [train.py:302]: Valid: Val Loss 0.0867, Val Acc (97.05, 99.58), Time 1.80
2022-05-08 22:13:17,904: INFO: [train.py:303]: 
2022-05-08 22:13:17,904: INFO: [train.py:136]: Epoch 014, Learning Rate 0.000531441
2022-05-08 22:14:01,178: INFO: [train.py:247]: Train: Loss 0.3655, Raw Acc (99.38, 100.00), Crop Acc (97.61, 99.76), Drop Acc (93.49, 99.66), Time 43.27
2022-05-08 22:14:02,983: INFO: [train.py:302]: Valid: Val Loss 0.1236, Val Acc (97.05, 99.58), Time 1.80
2022-05-08 22:14:02,983: INFO: [train.py:303]: 
2022-05-08 22:14:02,984: INFO: [train.py:136]: Epoch 015, Learning Rate 0.000478297
2022-05-08 22:14:46,354: INFO: [train.py:247]: Train: Loss 0.3547, Raw Acc (99.57, 100.00), Crop Acc (98.23, 99.76), Drop Acc (93.01, 99.66), Time 43.37
2022-05-08 22:14:48,158: INFO: [train.py:302]: Valid: Val Loss 0.0682, Val Acc (97.89, 99.58), Time 1.80
2022-05-08 22:14:48,158: INFO: [train.py:303]: 
