2022-05-08 15:50:08,983: INFO: [inception.py:177]: Inception3: All params loaded
2022-05-08 15:50:09,057: INFO: [wsdan.py:97]: WSDAN: using inception_mixed_6e as feature extractor, num_classes: 200, num_attentions: 32
2022-05-08 15:50:11,768: INFO: [train.py:93]: Network weights save to ../Furniture-Models/sofa/ckpt/
2022-05-08 15:50:11,807: INFO: [train.py:126]: Start training: Total epochs: 12, Batch size: 10, Training size: 762, Validation size: 88
2022-05-08 15:50:11,807: INFO: [train.py:128]: 
2022-05-08 15:50:11,807: INFO: [train.py:136]: Epoch 001, Learning Rate 0.001
2022-05-08 15:50:29,228: INFO: [train.py:247]: Train: Loss 3.5017, Raw Acc (45.54, 88.85), Crop Acc (41.21, 87.93), Drop Acc (36.88, 87.53), Time 17.41
2022-05-08 15:50:30,503: INFO: [train.py:302]: Valid: Val Loss 6.1348, Val Acc (45.45, 96.59), Time 1.27
2022-05-08 15:50:30,503: INFO: [train.py:303]: 
2022-05-08 15:50:45,111: INFO: [train.py:136]: Epoch 002, Learning Rate 0.001
2022-05-08 15:51:01,178: INFO: [train.py:247]: Train: Loss 3.3721, Raw Acc (67.98, 95.93), Crop Acc (58.53, 94.49), Drop Acc (55.64, 94.75), Time 16.07
2022-05-08 15:51:02,042: INFO: [train.py:302]: Valid: Val Loss 1.2705, Val Acc (85.23, 97.73), Time 0.86
2022-05-08 15:51:02,042: INFO: [train.py:303]: 
2022-05-08 15:51:02,200: INFO: [train.py:136]: Epoch 003, Learning Rate 0.0009
2022-05-08 15:51:18,225: INFO: [train.py:247]: Train: Loss 1.6269, Raw Acc (83.46, 99.21), Crop Acc (74.54, 98.16), Drop Acc (71.26, 98.56), Time 16.02
2022-05-08 15:51:19,088: INFO: [train.py:302]: Valid: Val Loss 0.7452, Val Acc (90.91, 100.00), Time 0.86
2022-05-08 15:51:19,088: INFO: [train.py:303]: 
2022-05-08 15:51:19,243: INFO: [train.py:136]: Epoch 004, Learning Rate 0.0009
2022-05-08 15:51:35,267: INFO: [train.py:247]: Train: Loss 1.7516, Raw Acc (86.75, 99.74), Crop Acc (73.88, 98.82), Drop Acc (75.46, 98.56), Time 16.02
2022-05-08 15:51:36,136: INFO: [train.py:302]: Valid: Val Loss 0.5600, Val Acc (90.91, 100.00), Time 0.87
2022-05-08 15:51:36,136: INFO: [train.py:303]: 
2022-05-08 15:51:36,137: INFO: [train.py:136]: Epoch 005, Learning Rate 0.00081
2022-05-08 15:51:52,167: INFO: [train.py:247]: Train: Loss 1.2086, Raw Acc (90.94, 99.87), Crop Acc (83.33, 99.08), Drop Acc (84.25, 99.34), Time 16.03
2022-05-08 15:51:53,030: INFO: [train.py:302]: Valid: Val Loss 0.8394, Val Acc (90.91, 100.00), Time 0.86
2022-05-08 15:51:53,030: INFO: [train.py:303]: 
2022-05-08 15:51:53,031: INFO: [train.py:136]: Epoch 006, Learning Rate 0.00081
2022-05-08 15:52:09,044: INFO: [train.py:247]: Train: Loss 1.1542, Raw Acc (93.83, 100.00), Crop Acc (83.60, 99.34), Drop Acc (82.68, 99.48), Time 16.01
2022-05-08 15:52:09,907: INFO: [train.py:302]: Valid: Val Loss 1.0480, Val Acc (93.18, 100.00), Time 0.86
2022-05-08 15:52:09,907: INFO: [train.py:303]: 
2022-05-08 15:52:10,064: INFO: [train.py:136]: Epoch 007, Learning Rate 0.000729
2022-05-08 15:52:26,072: INFO: [train.py:247]: Train: Loss 1.2821, Raw Acc (93.83, 100.00), Crop Acc (82.81, 99.48), Drop Acc (82.68, 99.21), Time 16.01
2022-05-08 15:52:26,939: INFO: [train.py:302]: Valid: Val Loss 0.1843, Val Acc (96.59, 100.00), Time 0.86
2022-05-08 15:52:26,939: INFO: [train.py:303]: 
2022-05-08 15:52:27,093: INFO: [train.py:136]: Epoch 008, Learning Rate 0.000729
2022-05-08 15:52:43,102: INFO: [train.py:247]: Train: Loss 1.2551, Raw Acc (93.31, 99.87), Crop Acc (82.94, 98.95), Drop Acc (83.33, 99.34), Time 16.01
2022-05-08 15:52:43,965: INFO: [train.py:302]: Valid: Val Loss 0.2263, Val Acc (95.45, 100.00), Time 0.86
2022-05-08 15:52:43,965: INFO: [train.py:303]: 
2022-05-08 15:52:43,966: INFO: [train.py:136]: Epoch 009, Learning Rate 0.0006561
2022-05-08 15:52:59,958: INFO: [train.py:247]: Train: Loss 1.1109, Raw Acc (95.01, 99.87), Crop Acc (85.83, 99.34), Drop Acc (87.01, 99.48), Time 15.99
2022-05-08 15:53:00,809: INFO: [train.py:302]: Valid: Val Loss 0.7551, Val Acc (90.91, 100.00), Time 0.85
2022-05-08 15:53:00,809: INFO: [train.py:303]: 
2022-05-08 15:53:00,811: INFO: [train.py:136]: Epoch 010, Learning Rate 0.0006561
2022-05-08 15:53:16,864: INFO: [train.py:247]: Train: Loss 1.1991, Raw Acc (94.23, 100.00), Crop Acc (83.46, 98.95), Drop Acc (86.09, 99.34), Time 16.05
2022-05-08 15:53:17,732: INFO: [train.py:302]: Valid: Val Loss 0.3932, Val Acc (94.32, 100.00), Time 0.87
2022-05-08 15:53:17,732: INFO: [train.py:303]: 
2022-05-08 15:53:17,732: INFO: [train.py:136]: Epoch 011, Learning Rate 0.00059049
2022-05-08 15:53:33,773: INFO: [train.py:247]: Train: Loss 0.9033, Raw Acc (97.11, 100.00), Crop Acc (88.85, 99.21), Drop Acc (90.42, 99.87), Time 16.04
2022-05-08 15:53:34,636: INFO: [train.py:302]: Valid: Val Loss 0.2911, Val Acc (95.45, 100.00), Time 0.86
2022-05-08 15:53:34,637: INFO: [train.py:303]: 
2022-05-08 15:53:34,637: INFO: [train.py:136]: Epoch 012, Learning Rate 0.00059049
2022-05-08 15:53:50,672: INFO: [train.py:247]: Train: Loss 0.7059, Raw Acc (98.69, 100.00), Crop Acc (90.94, 99.87), Drop Acc (93.04, 100.00), Time 16.03
2022-05-08 15:53:51,539: INFO: [train.py:302]: Valid: Val Loss 0.2243, Val Acc (96.59, 100.00), Time 0.86
2022-05-08 15:53:51,539: INFO: [train.py:303]: 
