2022-05-09 15:46:26,703: INFO: [inception.py:177]: Inception3: All params loaded
2022-05-09 15:46:26,776: INFO: [wsdan.py:97]: WSDAN: using inception_mixed_6e as feature extractor, num_classes: 200, num_attentions: 32
2022-05-09 15:46:29,918: INFO: [train.py:93]: Network weights save to ../Furniture-Models/display/ckpt/
2022-05-09 15:46:29,958: INFO: [train.py:126]: Start training: Total epochs: 15, Batch size: 10, Training size: 235, Validation size: 29
2022-05-09 15:46:29,958: INFO: [train.py:128]: 
2022-05-09 15:46:29,958: INFO: [train.py:136]: Epoch 001, Learning Rate 0.001
2022-05-09 15:46:36,678: INFO: [train.py:247]: Train: Loss 4.7981, Raw Acc (35.32, 94.89), Crop Acc (34.89, 95.32), Drop Acc (33.19, 94.89), Time 6.71
2022-05-09 15:46:37,408: INFO: [train.py:302]: Valid: Val Loss 1.5845, Val Acc (58.62, 100.00), Time 0.73
2022-05-09 15:46:37,408: INFO: [train.py:303]: 
2022-05-09 15:46:37,651: INFO: [train.py:136]: Epoch 002, Learning Rate 0.001
2022-05-09 15:46:42,966: INFO: [train.py:247]: Train: Loss 2.2071, Raw Acc (80.85, 100.00), Crop Acc (67.66, 100.00), Drop Acc (67.23, 100.00), Time 5.31
2022-05-09 15:46:43,435: INFO: [train.py:302]: Valid: Val Loss 1.7820, Val Acc (65.52, 100.00), Time 0.47
2022-05-09 15:46:43,435: INFO: [train.py:303]: 
2022-05-09 15:46:43,613: INFO: [train.py:136]: Epoch 003, Learning Rate 0.0009
2022-05-09 15:46:48,866: INFO: [train.py:247]: Train: Loss 1.2437, Raw Acc (88.94, 100.00), Crop Acc (79.15, 100.00), Drop Acc (76.17, 100.00), Time 5.25
2022-05-09 15:46:49,331: INFO: [train.py:302]: Valid: Val Loss 0.8870, Val Acc (79.31, 100.00), Time 0.46
2022-05-09 15:46:49,331: INFO: [train.py:303]: 
2022-05-09 15:46:49,558: INFO: [train.py:136]: Epoch 004, Learning Rate 0.0009
2022-05-09 15:46:54,798: INFO: [train.py:247]: Train: Loss 1.2479, Raw Acc (90.21, 100.00), Crop Acc (82.98, 100.00), Drop Acc (81.28, 100.00), Time 5.24
2022-05-09 15:46:55,262: INFO: [train.py:302]: Valid: Val Loss 0.0757, Val Acc (93.10, 100.00), Time 0.46
2022-05-09 15:46:55,262: INFO: [train.py:303]: 
2022-05-09 15:46:55,457: INFO: [train.py:136]: Epoch 005, Learning Rate 0.00081
2022-05-09 15:47:00,721: INFO: [train.py:247]: Train: Loss 0.7517, Raw Acc (97.02, 100.00), Crop Acc (90.64, 100.00), Drop Acc (91.06, 100.00), Time 5.26
2022-05-09 15:47:01,176: INFO: [train.py:302]: Valid: Val Loss 0.0295, Val Acc (96.55, 100.00), Time 0.45
2022-05-09 15:47:01,176: INFO: [train.py:303]: 
2022-05-09 15:47:01,411: INFO: [train.py:136]: Epoch 006, Learning Rate 0.00081
2022-05-09 15:47:06,657: INFO: [train.py:247]: Train: Loss 0.7631, Raw Acc (97.87, 100.00), Crop Acc (88.09, 100.00), Drop Acc (92.77, 100.00), Time 5.25
2022-05-09 15:47:07,128: INFO: [train.py:302]: Valid: Val Loss 0.0005, Val Acc (100.00, 100.00), Time 0.47
2022-05-09 15:47:07,128: INFO: [train.py:303]: 
2022-05-09 15:47:07,307: INFO: [train.py:136]: Epoch 007, Learning Rate 0.000729
2022-05-09 15:47:12,574: INFO: [train.py:247]: Train: Loss 0.6414, Raw Acc (99.15, 100.00), Crop Acc (91.91, 100.00), Drop Acc (94.47, 100.00), Time 5.27
2022-05-09 15:47:13,048: INFO: [train.py:302]: Valid: Val Loss 0.0004, Val Acc (100.00, 100.00), Time 0.47
2022-05-09 15:47:13,048: INFO: [train.py:303]: 
2022-05-09 15:47:13,048: INFO: [train.py:136]: Epoch 008, Learning Rate 0.000729
2022-05-09 15:47:18,304: INFO: [train.py:247]: Train: Loss 0.7462, Raw Acc (95.74, 100.00), Crop Acc (91.06, 100.00), Drop Acc (89.36, 100.00), Time 5.26
2022-05-09 15:47:18,777: INFO: [train.py:302]: Valid: Val Loss 0.1366, Val Acc (93.10, 100.00), Time 0.47
2022-05-09 15:47:18,777: INFO: [train.py:303]: 
2022-05-09 15:47:18,778: INFO: [train.py:136]: Epoch 009, Learning Rate 0.0006561
2022-05-09 15:47:24,032: INFO: [train.py:247]: Train: Loss 0.7583, Raw Acc (96.17, 100.00), Crop Acc (89.79, 100.00), Drop Acc (91.49, 100.00), Time 5.25
2022-05-09 15:47:24,509: INFO: [train.py:302]: Valid: Val Loss 0.0287, Val Acc (96.55, 100.00), Time 0.48
2022-05-09 15:47:24,509: INFO: [train.py:303]: 
2022-05-09 15:47:24,510: INFO: [train.py:136]: Epoch 010, Learning Rate 0.0006561
2022-05-09 15:47:29,769: INFO: [train.py:247]: Train: Loss 0.5713, Raw Acc (99.57, 100.00), Crop Acc (91.49, 100.00), Drop Acc (95.32, 100.00), Time 5.26
2022-05-09 15:47:30,235: INFO: [train.py:302]: Valid: Val Loss 0.0000, Val Acc (100.00, 100.00), Time 0.46
2022-05-09 15:47:30,235: INFO: [train.py:303]: 
2022-05-09 15:47:30,235: INFO: [train.py:136]: Epoch 011, Learning Rate 0.00059049
2022-05-09 15:47:35,500: INFO: [train.py:247]: Train: Loss 0.6174, Raw Acc (97.87, 100.00), Crop Acc (90.21, 100.00), Drop Acc (94.47, 100.00), Time 5.26
2022-05-09 15:47:35,973: INFO: [train.py:302]: Valid: Val Loss 0.0001, Val Acc (100.00, 100.00), Time 0.47
2022-05-09 15:47:35,974: INFO: [train.py:303]: 
2022-05-09 15:47:35,974: INFO: [train.py:136]: Epoch 012, Learning Rate 0.00059049
2022-05-09 15:47:41,236: INFO: [train.py:247]: Train: Loss 0.6570, Raw Acc (97.87, 100.00), Crop Acc (92.77, 100.00), Drop Acc (91.06, 100.00), Time 5.26
2022-05-09 15:47:41,706: INFO: [train.py:302]: Valid: Val Loss 0.0001, Val Acc (100.00, 100.00), Time 0.47
2022-05-09 15:47:41,706: INFO: [train.py:303]: 
2022-05-09 15:47:41,707: INFO: [train.py:136]: Epoch 013, Learning Rate 0.000531441
2022-05-09 15:47:46,958: INFO: [train.py:247]: Train: Loss 0.5953, Raw Acc (98.72, 100.00), Crop Acc (94.04, 100.00), Drop Acc (96.17, 100.00), Time 5.25
2022-05-09 15:47:47,427: INFO: [train.py:302]: Valid: Val Loss 0.0020, Val Acc (100.00, 100.00), Time 0.47
2022-05-09 15:47:47,427: INFO: [train.py:303]: 
2022-05-09 15:47:47,427: INFO: [train.py:136]: Epoch 014, Learning Rate 0.000531441
2022-05-09 15:47:52,697: INFO: [train.py:247]: Train: Loss 0.4719, Raw Acc (99.57, 100.00), Crop Acc (95.74, 100.00), Drop Acc (97.87, 100.00), Time 5.27
2022-05-09 15:47:53,170: INFO: [train.py:302]: Valid: Val Loss 0.0005, Val Acc (100.00, 100.00), Time 0.47
2022-05-09 15:47:53,170: INFO: [train.py:303]: 
2022-05-09 15:47:53,171: INFO: [train.py:136]: Epoch 015, Learning Rate 0.000478297
2022-05-09 15:47:58,436: INFO: [train.py:247]: Train: Loss 0.5092, Raw Acc (100.00, 100.00), Crop Acc (94.47, 100.00), Drop Acc (95.74, 100.00), Time 5.26
2022-05-09 15:47:58,903: INFO: [train.py:302]: Valid: Val Loss 0.0006, Val Acc (100.00, 100.00), Time 0.46
2022-05-09 15:47:58,903: INFO: [train.py:303]: 
