2022-05-09 12:03:59,511: INFO: [inception.py:177]: Inception3: All params loaded
2022-05-09 12:03:59,581: INFO: [wsdan.py:97]: WSDAN: using inception_mixed_6e as feature extractor, num_classes: 200, num_attentions: 32
2022-05-09 12:04:02,379: INFO: [train.py:93]: Network weights save to ../Furniture-Models/bed/ckpt/
2022-05-09 12:04:02,419: INFO: [train.py:126]: Start training: Total epochs: 18, Batch size: 10, Training size: 244, Validation size: 30
2022-05-09 12:04:02,420: INFO: [train.py:128]: 
2022-05-09 12:04:02,420: INFO: [train.py:136]: Epoch 001, Learning Rate 0.001
2022-05-09 12:04:09,144: INFO: [train.py:247]: Train: Loss 3.1228, Raw Acc (47.95, 86.89), Crop Acc (44.26, 86.89), Drop Acc (44.26, 87.30), Time 6.72
2022-05-09 12:04:09,819: INFO: [train.py:302]: Valid: Val Loss 0.7755, Val Acc (63.33, 100.00), Time 0.67
2022-05-09 12:04:09,819: INFO: [train.py:303]: 
2022-05-09 12:04:09,952: INFO: [train.py:136]: Epoch 002, Learning Rate 0.001
2022-05-09 12:04:15,358: INFO: [train.py:247]: Train: Loss 2.1906, Raw Acc (76.64, 94.67), Crop Acc (71.72, 94.26), Drop Acc (72.95, 92.62), Time 5.41
2022-05-09 12:04:15,794: INFO: [train.py:302]: Valid: Val Loss 1.6415, Val Acc (80.00, 100.00), Time 0.43
2022-05-09 12:04:15,794: INFO: [train.py:303]: 
2022-05-09 12:04:15,929: INFO: [train.py:136]: Epoch 003, Learning Rate 0.0009
2022-05-09 12:04:21,284: INFO: [train.py:247]: Train: Loss 1.6677, Raw Acc (85.66, 98.77), Crop Acc (78.28, 97.54), Drop Acc (75.41, 97.54), Time 5.35
2022-05-09 12:04:21,724: INFO: [train.py:302]: Valid: Val Loss 0.1677, Val Acc (93.33, 100.00), Time 0.44
2022-05-09 12:04:21,724: INFO: [train.py:303]: 
2022-05-09 12:04:21,873: INFO: [train.py:136]: Epoch 004, Learning Rate 0.0009
2022-05-09 12:04:27,211: INFO: [train.py:247]: Train: Loss 0.8445, Raw Acc (95.08, 100.00), Crop Acc (89.34, 100.00), Drop Acc (88.11, 99.59), Time 5.34
2022-05-09 12:04:27,639: INFO: [train.py:302]: Valid: Val Loss 0.0354, Val Acc (100.00, 100.00), Time 0.43
2022-05-09 12:04:27,639: INFO: [train.py:303]: 
2022-05-09 12:04:27,789: INFO: [train.py:136]: Epoch 005, Learning Rate 0.00081
2022-05-09 12:04:33,118: INFO: [train.py:247]: Train: Loss 0.8749, Raw Acc (94.67, 100.00), Crop Acc (88.93, 99.59), Drop Acc (89.34, 99.59), Time 5.33
2022-05-09 12:04:33,548: INFO: [train.py:302]: Valid: Val Loss 0.0042, Val Acc (100.00, 100.00), Time 0.43
2022-05-09 12:04:33,548: INFO: [train.py:303]: 
2022-05-09 12:04:33,549: INFO: [train.py:136]: Epoch 006, Learning Rate 0.00081
2022-05-09 12:04:38,877: INFO: [train.py:247]: Train: Loss 0.8105, Raw Acc (95.49, 99.59), Crop Acc (89.75, 99.18), Drop Acc (87.70, 97.95), Time 5.33
2022-05-09 12:04:39,307: INFO: [train.py:302]: Valid: Val Loss 0.0047, Val Acc (100.00, 100.00), Time 0.43
2022-05-09 12:04:39,307: INFO: [train.py:303]: 
2022-05-09 12:04:39,307: INFO: [train.py:136]: Epoch 007, Learning Rate 0.000729
2022-05-09 12:04:44,657: INFO: [train.py:247]: Train: Loss 0.7547, Raw Acc (97.54, 100.00), Crop Acc (91.80, 99.59), Drop Acc (93.44, 99.59), Time 5.35
2022-05-09 12:04:45,087: INFO: [train.py:302]: Valid: Val Loss 0.0150, Val Acc (100.00, 100.00), Time 0.43
2022-05-09 12:04:45,087: INFO: [train.py:303]: 
2022-05-09 12:04:45,087: INFO: [train.py:136]: Epoch 008, Learning Rate 0.000729
2022-05-09 12:04:50,437: INFO: [train.py:247]: Train: Loss 0.5030, Raw Acc (99.18, 100.00), Crop Acc (96.31, 99.59), Drop Acc (96.31, 100.00), Time 5.35
2022-05-09 12:04:50,866: INFO: [train.py:302]: Valid: Val Loss 0.0030, Val Acc (100.00, 100.00), Time 0.43
2022-05-09 12:04:50,867: INFO: [train.py:303]: 
2022-05-09 12:04:50,867: INFO: [train.py:136]: Epoch 009, Learning Rate 0.0006561
2022-05-09 12:04:56,203: INFO: [train.py:247]: Train: Loss 0.5376, Raw Acc (97.95, 100.00), Crop Acc (94.26, 100.00), Drop Acc (96.31, 99.59), Time 5.34
2022-05-09 12:04:56,632: INFO: [train.py:302]: Valid: Val Loss 0.0022, Val Acc (100.00, 100.00), Time 0.43
2022-05-09 12:04:56,632: INFO: [train.py:303]: 
2022-05-09 12:04:56,633: INFO: [train.py:136]: Epoch 010, Learning Rate 0.0006561
2022-05-09 12:05:01,975: INFO: [train.py:247]: Train: Loss 0.4512, Raw Acc (100.00, 100.00), Crop Acc (95.49, 100.00), Drop Acc (98.36, 100.00), Time 5.34
2022-05-09 12:05:02,406: INFO: [train.py:302]: Valid: Val Loss 0.0003, Val Acc (100.00, 100.00), Time 0.43
2022-05-09 12:05:02,406: INFO: [train.py:303]: 
2022-05-09 12:05:02,407: INFO: [train.py:136]: Epoch 011, Learning Rate 0.00059049
2022-05-09 12:05:07,747: INFO: [train.py:247]: Train: Loss 0.5335, Raw Acc (97.54, 100.00), Crop Acc (93.44, 100.00), Drop Acc (97.13, 100.00), Time 5.34
2022-05-09 12:05:08,177: INFO: [train.py:302]: Valid: Val Loss 0.0001, Val Acc (100.00, 100.00), Time 0.43
2022-05-09 12:05:08,177: INFO: [train.py:303]: 
2022-05-09 12:05:08,177: INFO: [train.py:136]: Epoch 012, Learning Rate 0.00059049
2022-05-09 12:05:13,522: INFO: [train.py:247]: Train: Loss 0.4876, Raw Acc (99.59, 100.00), Crop Acc (94.67, 99.59), Drop Acc (96.31, 100.00), Time 5.34
2022-05-09 12:05:13,955: INFO: [train.py:302]: Valid: Val Loss 0.0021, Val Acc (100.00, 100.00), Time 0.43
2022-05-09 12:05:13,955: INFO: [train.py:303]: 
2022-05-09 12:05:13,955: INFO: [train.py:136]: Epoch 013, Learning Rate 0.000531441
2022-05-09 12:05:19,297: INFO: [train.py:247]: Train: Loss 0.4375, Raw Acc (100.00, 100.00), Crop Acc (95.90, 100.00), Drop Acc (97.54, 100.00), Time 5.34
2022-05-09 12:05:19,728: INFO: [train.py:302]: Valid: Val Loss 0.0009, Val Acc (100.00, 100.00), Time 0.43
2022-05-09 12:05:19,728: INFO: [train.py:303]: 
2022-05-09 12:05:19,729: INFO: [train.py:136]: Epoch 014, Learning Rate 0.000531441
2022-05-09 12:05:25,089: INFO: [train.py:247]: Train: Loss 0.3934, Raw Acc (100.00, 100.00), Crop Acc (98.36, 100.00), Drop Acc (99.18, 100.00), Time 5.36
2022-05-09 12:05:25,520: INFO: [train.py:302]: Valid: Val Loss 0.0003, Val Acc (100.00, 100.00), Time 0.43
2022-05-09 12:05:25,520: INFO: [train.py:303]: 
2022-05-09 12:05:25,521: INFO: [train.py:136]: Epoch 015, Learning Rate 0.000478297
2022-05-09 12:05:30,868: INFO: [train.py:247]: Train: Loss 0.3751, Raw Acc (100.00, 100.00), Crop Acc (99.59, 100.00), Drop Acc (98.77, 100.00), Time 5.35
2022-05-09 12:05:31,299: INFO: [train.py:302]: Valid: Val Loss 0.0003, Val Acc (100.00, 100.00), Time 0.43
2022-05-09 12:05:31,299: INFO: [train.py:303]: 
2022-05-09 12:05:31,300: INFO: [train.py:136]: Epoch 016, Learning Rate 0.000478297
2022-05-09 12:05:36,651: INFO: [train.py:247]: Train: Loss 0.4046, Raw Acc (99.59, 100.00), Crop Acc (96.31, 99.59), Drop Acc (97.54, 100.00), Time 5.35
2022-05-09 12:05:37,084: INFO: [train.py:302]: Valid: Val Loss 0.0001, Val Acc (100.00, 100.00), Time 0.43
2022-05-09 12:05:37,085: INFO: [train.py:303]: 
2022-05-09 12:05:37,085: INFO: [train.py:136]: Epoch 017, Learning Rate 0.000430467
2022-05-09 12:05:42,440: INFO: [train.py:247]: Train: Loss 0.4345, Raw Acc (100.00, 100.00), Crop Acc (95.90, 99.59), Drop Acc (97.95, 100.00), Time 5.35
2022-05-09 12:05:42,874: INFO: [train.py:302]: Valid: Val Loss 0.0001, Val Acc (100.00, 100.00), Time 0.43
2022-05-09 12:05:42,874: INFO: [train.py:303]: 
2022-05-09 12:05:42,874: INFO: [train.py:136]: Epoch 018, Learning Rate 0.000430467
2022-05-09 12:05:48,235: INFO: [train.py:247]: Train: Loss 0.3672, Raw Acc (100.00, 100.00), Crop Acc (98.77, 100.00), Drop Acc (97.95, 100.00), Time 5.36
2022-05-09 12:05:48,666: INFO: [train.py:302]: Valid: Val Loss 0.0000, Val Acc (100.00, 100.00), Time 0.43
2022-05-09 12:05:48,667: INFO: [train.py:303]: 
